This is pdfTeX, Version 3.14159265-2.6-1.40.19 (MiKTeX 2.9.6800 64-bit) (preloaded format=pdflatex 2018.9.7)  29 OCT 2018 16:45
entering extended mode
**"F:/Jupy_Notebook_Dir/18 Fall IE534/Homework_6_Intro2GAN/Submission Report/HW
6_report.tex"

("F:/Jupy_Notebook_Dir/18 Fall IE534/Homework_6_Intro2GAN/Submission Report/HW6
_report.tex"
LaTeX2e <2018-04-01> patch level 5
("C:\Program Files\MiKTeX 2.9\tex\latex\base\article.cls"
Document Class: article 2014/09/29 v1.4h Standard LaTeX document class
("C:\Program Files\MiKTeX 2.9\tex\latex\base\size10.clo"
File: size10.clo 2014/09/29 v1.4h Standard LaTeX file (size option)
)
\c@part=\count80
\c@section=\count81
\c@subsection=\count82
\c@subsubsection=\count83
\c@paragraph=\count84
\c@subparagraph=\count85
\c@figure=\count86
\c@table=\count87
\abovecaptionskip=\skip41
\belowcaptionskip=\skip42
\bibindent=\dimen102
)
("C:\Program Files\MiKTeX 2.9\tex\latex\amsmath\amsmath.sty"
Package: amsmath 2017/09/02 v2.17a AMS math features
\@mathmargin=\skip43

For additional information on amsmath, use the `?' option.
("C:\Program Files\MiKTeX 2.9\tex\latex\amsmath\amstext.sty"
Package: amstext 2000/06/29 v2.01 AMS text

("C:\Program Files\MiKTeX 2.9\tex\latex\amsmath\amsgen.sty"
File: amsgen.sty 1999/11/30 v2.0 generic functions
\@emptytoks=\toks14
\ex@=\dimen103
))
("C:\Program Files\MiKTeX 2.9\tex\latex\amsmath\amsbsy.sty"
Package: amsbsy 1999/11/29 v1.2d Bold Symbols
\pmbraise@=\dimen104
)
("C:\Program Files\MiKTeX 2.9\tex\latex\amsmath\amsopn.sty"
Package: amsopn 2016/03/08 v2.02 operator names
)
\inf@bad=\count88
LaTeX Info: Redefining \frac on input line 213.
\uproot@=\count89
\leftroot@=\count90
LaTeX Info: Redefining \overline on input line 375.
\classnum@=\count91
\DOTSCASE@=\count92
LaTeX Info: Redefining \ldots on input line 472.
LaTeX Info: Redefining \dots on input line 475.
LaTeX Info: Redefining \cdots on input line 596.
\Mathstrutbox@=\box26
\strutbox@=\box27
\big@size=\dimen105
LaTeX Font Info:    Redeclaring font encoding OML on input line 712.
LaTeX Font Info:    Redeclaring font encoding OMS on input line 713.
\macc@depth=\count93
\c@MaxMatrixCols=\count94
\dotsspace@=\muskip10
\c@parentequation=\count95
\dspbrk@lvl=\count96
\tag@help=\toks15
\row@=\count97
\column@=\count98
\maxfields@=\count99
\andhelp@=\toks16
\eqnshift@=\dimen106
\alignsep@=\dimen107
\tagshift@=\dimen108
\tagwidth@=\dimen109
\totwidth@=\dimen110
\lineht@=\dimen111
\@envbody=\toks17
\multlinegap=\skip44
\multlinetaggap=\skip45
\mathdisplay@stack=\toks18
LaTeX Info: Redefining \[ on input line 2817.
LaTeX Info: Redefining \] on input line 2818.
)
("C:\Program Files\MiKTeX 2.9\tex\latex\graphics\graphicx.sty"
Package: graphicx 2017/06/01 v1.1a Enhanced LaTeX Graphics (DPC,SPQR)

("C:\Program Files\MiKTeX 2.9\tex\latex\graphics\keyval.sty"
Package: keyval 2014/10/28 v1.15 key=value parser (DPC)
\KV@toks@=\toks19
)
("C:\Program Files\MiKTeX 2.9\tex\latex\graphics\graphics.sty"
Package: graphics 2017/06/25 v1.2c Standard LaTeX Graphics (DPC,SPQR)

("C:\Program Files\MiKTeX 2.9\tex\latex\graphics\trig.sty"
Package: trig 2016/01/03 v1.10 sin cos tan (DPC)
)
("C:\Program Files\MiKTeX 2.9\tex\latex\graphics-cfg\graphics.cfg"
File: graphics.cfg 2016/06/04 v1.11 sample graphics configuration
)
Package graphics Info: Driver file: pdftex.def on input line 99.

("C:\Program Files\MiKTeX 2.9\tex\latex\graphics-def\pdftex.def"
File: pdftex.def 2018/01/08 v1.0l Graphics/color driver for pdftex
))
\Gin@req@height=\dimen112
\Gin@req@width=\dimen113
)
("C:\Program Files\MiKTeX 2.9\tex\latex\float\float.sty"
Package: float 2001/11/08 v1.3d Float enhancements (AL)
\c@float@type=\count100
\float@exts=\toks20
\float@box=\box28
\@float@everytoks=\toks21
\@floatcapt=\box29
)

LaTeX Warning: Unused global option(s):
    [15pt].

(HW6_report.aux)
\openout1 = `HW6_report.aux'.

LaTeX Font Info:    Checking defaults for OML/cmm/m/it on input line 9.
LaTeX Font Info:    ... okay on input line 9.
LaTeX Font Info:    Checking defaults for T1/cmr/m/n on input line 9.
LaTeX Font Info:    ... okay on input line 9.
LaTeX Font Info:    Checking defaults for OT1/cmr/m/n on input line 9.
LaTeX Font Info:    ... okay on input line 9.
LaTeX Font Info:    Checking defaults for OMS/cmsy/m/n on input line 9.
LaTeX Font Info:    ... okay on input line 9.
LaTeX Font Info:    Checking defaults for OMX/cmex/m/n on input line 9.
LaTeX Font Info:    ... okay on input line 9.
LaTeX Font Info:    Checking defaults for U/cmr/m/n on input line 9.
LaTeX Font Info:    ... okay on input line 9.
 ("C:\Program Files\MiKTeX 2.9\tex\context\base\supp-pdf.mkii"
[Loading MPS to PDF converter (version 2006.09.02).]
\scratchcounter=\count101
\scratchdimen=\dimen114
\scratchbox=\box30
\nofMPsegments=\count102
\nofMParguments=\count103
\everyMPshowfont=\toks22
\MPscratchCnt=\count104
\MPscratchDim=\dimen115
\MPnumerator=\count105
\makeMPintoPDFobject=\count106
\everyMPtoPDFconversion=\toks23
) ("C:\Program Files\MiKTeX 2.9\tex\latex\oberdiek\epstopdf-base.sty"
Package: epstopdf-base 2016/05/15 v2.6 Base part for package epstopdf

("C:\Program Files\MiKTeX 2.9\tex\generic\oberdiek\infwarerr.sty"
Package: infwarerr 2016/05/16 v1.4 Providing info/warning/error messages (HO)
)
("C:\Program Files\MiKTeX 2.9\tex\latex\oberdiek\grfext.sty"
Package: grfext 2016/05/16 v1.2 Manage graphics extensions (HO)

("C:\Program Files\MiKTeX 2.9\tex\generic\oberdiek\kvdefinekeys.sty"
Package: kvdefinekeys 2016/05/16 v1.4 Define keys (HO)

("C:\Program Files\MiKTeX 2.9\tex\generic\oberdiek\ltxcmds.sty"
Package: ltxcmds 2016/05/16 v1.23 LaTeX kernel commands for general use (HO)
)))
("C:\Program Files\MiKTeX 2.9\tex\latex\oberdiek\kvoptions.sty"
Package: kvoptions 2016/05/16 v3.12 Key value format for package options (HO)

("C:\Program Files\MiKTeX 2.9\tex\generic\oberdiek\kvsetkeys.sty"
Package: kvsetkeys 2016/05/16 v1.17 Key value parser (HO)

("C:\Program Files\MiKTeX 2.9\tex\generic\oberdiek\etexcmds.sty"
Package: etexcmds 2016/05/16 v1.6 Avoid name clashes with e-TeX commands (HO)

("C:\Program Files\MiKTeX 2.9\tex\generic\oberdiek\ifluatex.sty"
Package: ifluatex 2016/05/16 v1.4 Provides the ifluatex switch (HO)
Package ifluatex Info: LuaTeX not detected.
)
Package etexcmds Info: Could not find \expanded.
(etexcmds)             That can mean that you are not using pdfTeX 1.50 or
(etexcmds)             that some package has redefined \expanded.
(etexcmds)             In the latter case, load this package earlier.
)))
("C:\Program Files\MiKTeX 2.9\tex\generic\oberdiek\pdftexcmds.sty"
Package: pdftexcmds 2018/01/30 v0.27 Utility functions of pdfTeX for LuaTeX (HO
)

("C:\Program Files\MiKTeX 2.9\tex\generic\oberdiek\ifpdf.sty"
Package: ifpdf 2017/03/15 v3.2 Provides the ifpdf switch
)
Package pdftexcmds Info: LuaTeX not detected.
Package pdftexcmds Info: \pdf@primitive is available.
Package pdftexcmds Info: \pdf@ifprimitive is available.
Package pdftexcmds Info: \pdfdraftmode found.
)
Package epstopdf-base Info: Redefining graphics rule for `.eps' on input line 4
38.
Package grfext Info: Graphics extension search list:
(grfext)             [.pdf,.png,.jpg,.mps,.jpeg,.jbig2,.jb2,.PDF,.PNG,.JPG,.JPE
G,.JBIG2,.JB2,.eps]
(grfext)             \AppendGraphicsExtensions on input line 456.
)
Underfull \hbox (badness 10000) in paragraph at lines 15--20

 []


Underfull \hbox (badness 10000) in paragraph at lines 15--20

 []

<../Baseline_Accuracy_Plot.png, id=1, 433.62pt x 289.08pt>
File: ../Baseline_Accuracy_Plot.png Graphic file (type png)
<use ../Baseline_Accuracy_Plot.png>
Package pdftex.def Info: ../Baseline_Accuracy_Plot.png  used on input line 26.
(pdftex.def)             Requested size: 345.0pt x 230.01158pt.
<../Gen_Disc_Accuracy_Plot.png, id=3, 462.528pt x 346.896pt>
File: ../Gen_Disc_Accuracy_Plot.png Graphic file (type png)
<use ../Gen_Disc_Accuracy_Plot.png>
Package pdftex.def Info: ../Gen_Disc_Accuracy_Plot.png  used on input line 27.
(pdftex.def)             Requested size: 345.0pt x 258.76335pt.

Underfull \hbox (badness 2809) in paragraph at lines 28--28
[]\OT1/cmr/m/n/10 Figure 1: Ac-cu-racy graph of Dis-crim-i-na-tor trained with-
out(Up) and
 []


Overfull \hbox (3.4867pt too wide) in paragraph at lines 22--30
\OT1/cmr/m/n/10 For the first Dis-crim-i-na-tor trained with-out Gen-er-a-tor, 
the train ac-cu-racy achieves
 []


Overfull \hbox (0.6811pt too wide) in paragraph at lines 22--30
\OT1/cmr/m/n/10 For the sec-ond Dis-crim-i-na-tor trained with Gen-er-a-tor, th
e train ac-cu-racy achieves
 []

<../Plots/output_039.png, id=4, 578.8827pt x 575.9919pt>
File: ../Plots/output_039.png Graphic file (type png)
<use ../Plots/output_039.png>
Package pdftex.def Info: ../Plots/output_039.png  used on input line 36.
(pdftex.def)             Requested size: 345.0pt x 343.27753pt.
<../Plots/output_079.png, id=5, 578.8827pt x 575.9919pt>
File: ../Plots/output_079.png Graphic file (type png)
<use ../Plots/output_079.png>
Package pdftex.def Info: ../Plots/output_079.png  used on input line 41.
(pdftex.def)             Requested size: 345.0pt x 343.27753pt.
[1

{C:/Users/LEN/AppData/Local/MiKTeX/2.9/pdftex/config/pdftex.map}] [2 <../Baseli
ne_Accuracy_Plot.png> <../Gen_Disc_Accuracy_Plot.png>]
<../Plots/output_119.png, id=19, 578.8827pt x 575.9919pt>
File: ../Plots/output_119.png Graphic file (type png)
<use ../Plots/output_119.png>
Package pdftex.def Info: ../Plots/output_119.png  used on input line 46.
(pdftex.def)             Requested size: 345.0pt x 343.27753pt.
 [3 <../Plots/output_039.png>]
<../Plots/output_159.png, id=24, 578.8827pt x 575.9919pt>
File: ../Plots/output_159.png Graphic file (type png)
<use ../Plots/output_159.png>
Package pdftex.def Info: ../Plots/output_159.png  used on input line 51.
(pdftex.def)             Requested size: 345.0pt x 343.27753pt.
 [4 <../Plots/output_079.png>]
<../Plots/output_199.png, id=29, 578.8827pt x 575.9919pt>
File: ../Plots/output_199.png Graphic file (type png)
<use ../Plots/output_199.png>
Package pdftex.def Info: ../Plots/output_199.png  used on input line 56.
(pdftex.def)             Requested size: 345.0pt x 343.27753pt.
 [5 <../Plots/output_119.png>] [6 <../Plots/output_159.png>]
<../Visualization/real_images.png, id=38, 578.8827pt x 575.9919pt>
File: ../Visualization/real_images.png Graphic file (type png)
<use ../Visualization/real_images.png>
Package pdftex.def Info: ../Visualization/real_images.png  used on input line 6
3.
(pdftex.def)             Requested size: 345.0pt x 343.27753pt.
 [7 <../Plots/output_199.png>]
<../Visualization/gradient_image.png, id=44, 578.8827pt x 575.9919pt>
File: ../Visualization/gradient_image.png Graphic file (type png)
<use ../Visualization/gradient_image.png>
Package pdftex.def Info: ../Visualization/gradient_image.png  used on input lin
e 69.
(pdftex.def)             Requested size: 345.0pt x 343.27753pt.
 [8 <../Visualization/real_images.png>]
<../Visualization/jittered_images.png, id=49, 578.8827pt x 575.9919pt>
File: ../Visualization/jittered_images.png Graphic file (type png)
<use ../Visualization/jittered_images.png>
Package pdftex.def Info: ../Visualization/jittered_images.png  used on input li
ne 75.
(pdftex.def)             Requested size: 345.0pt x 343.27753pt.
 [9 <../Visualization/gradient_image.png>]
<../Visualization/max_class_no_generator.png, id=54, 578.8827pt x 73.7154pt>
File: ../Visualization/max_class_no_generator.png Graphic file (type png)
<use ../Visualization/max_class_no_generator.png>
Package pdftex.def Info: ../Visualization/max_class_no_generator.png  used on i
nput line 83.
(pdftex.def)             Requested size: 345.0pt x 43.93262pt.
<../Visualization/max_class_with_generator.png, id=55, 578.8827pt x 73.7154pt>
File: ../Visualization/max_class_with_generator.png Graphic file (type png)
<use ../Visualization/max_class_with_generator.png>
Package pdftex.def Info: ../Visualization/max_class_with_generator.png  used on
 input line 89.
(pdftex.def)             Requested size: 345.0pt x 43.93262pt.
 [10 <../Visualization/jittered_images.png> <../Visualization/max_class_no_gene
rator.png>] [11 <../Visualization/max_class_with_generator.png>] (HW6_report.au
x) ) 
Here is how much of TeX's memory you used:
 2166 strings out of 492972
 30359 string characters out of 3135890
 95973 words of memory out of 3000000
 6010 multiletter control sequences out of 15000+200000
 8261 words of font info for 30 fonts, out of 3000000 for 9000
 1141 hyphenation exceptions out of 8191
 41i,6n,25p,445b,232s stack positions out of 5000i,500n,10000p,200000b,50000s
<C:/Program Files/MiKTeX 2.9/fonts/type1/public/amsfonts/cm/cmbx12.pfb><C:/
Program Files/MiKTeX 2.9/fonts/type1/public/amsfonts/cm/cmr10.pfb><C:/Program F
iles/MiKTeX 2.9/fonts/type1/public/amsfonts/cm/cmr12.pfb><C:/Program Files/MiKT
eX 2.9/fonts/type1/public/amsfonts/cm/cmr17.pfb>
Output written on HW6_report.pdf (11 pages, 3101756 bytes).
PDF statistics:
 79 PDF objects out of 1000 (max. 8388607)
 0 named destinations out of 1000 (max. 500000)
 61 words of extra memory for PDF output out of 10000 (max. 10000000)

